<?xml version="1.0" encoding="UTF-8"?>
<testsuite xmlns:xsi="http://www.w3.org/2001/XMLSchema-instance" xsi:noNamespaceSchemaLocation="https://maven.apache.org/surefire/maven-surefire-plugin/xsd/surefire-test-report.xsd" name="br.gov.sp.fazenda.processors.QueryDatabaseTableTest" time="2.66" tests="18" errors="0" skipped="0" failures="0">
  <properties>
    <property name="gopherProxySet" value="false"/>
    <property name="awt.toolkit" value="sun.lwawt.macosx.LWCToolkit"/>
    <property name="file.encoding.pkg" value="sun.io"/>
    <property name="java.specification.version" value="1.8"/>
    <property name="sun.cpu.isalist" value=""/>
    <property name="sun.jnu.encoding" value="UTF-8"/>
    <property name="java.class.path" value="/Users/felipe/eclipse-workspace/nifi/customprocessors/nifi-customprocessors-processors/target/test-classes:/Users/felipe/eclipse-workspace/nifi/customprocessors/nifi-customprocessors-processors/target/classes:/Users/felipe/.m2/repository/org/apache/derby/derby/10.14.2.0/derby-10.14.2.0.jar:/Users/felipe/.m2/repository/org/apache/derby/derbyclient/10.14.2.0/derbyclient-10.14.2.0.jar:/Users/felipe/.m2/repository/org/apache/nifi/nifi-api/1.12.0/nifi-api-1.12.0.jar:/Users/felipe/.m2/repository/org/apache/nifi/nifi-utils/1.12.0/nifi-utils-1.12.0.jar:/Users/felipe/.m2/repository/org/apache/nifi/nifi-dbcp-service-api/1.12.0/nifi-dbcp-service-api-1.12.0.jar:/Users/felipe/.m2/repository/org/apache/nifi/nifi-database-utils/1.12.0/nifi-database-utils-1.12.0.jar:/Users/felipe/.m2/repository/org/apache/nifi/nifi-standard-record-utils/1.12.0/nifi-standard-record-utils-1.12.0.jar:/Users/felipe/.m2/repository/org/apache/nifi/nifi-security-utils/1.12.0/nifi-security-utils-1.12.0.jar:/Users/felipe/.m2/repository/org/bouncycastle/bcpkix-jdk15on/1.66/bcpkix-jdk15on-1.66.jar:/Users/felipe/.m2/repository/at/favre/lib/bcrypt/0.9.0/bcrypt-0.9.0.jar:/Users/felipe/.m2/repository/at/favre/lib/bytes/1.3.0/bytes-1.3.0.jar:/Users/felipe/.m2/repository/org/apache/commons/commons-configuration2/2.7/commons-configuration2-2.7.jar:/Users/felipe/.m2/repository/commons-logging/commons-logging/1.2/commons-logging-1.2.jar:/Users/felipe/.m2/repository/org/apache/commons/commons-csv/1.8/commons-csv-1.8.jar:/Users/felipe/.m2/repository/org/apache/commons/commons-text/1.8/commons-text-1.8.jar:/Users/felipe/.m2/repository/org/apache/nifi/nifi-avro-record-utils/1.12.0/nifi-avro-record-utils-1.12.0.jar:/Users/felipe/.m2/repository/commons-io/commons-io/2.6/commons-io-2.6.jar:/Users/felipe/.m2/repository/com/github/ben-manes/caffeine/caffeine/2.8.1/caffeine-2.8.1.jar:/Users/felipe/.m2/repository/org/checkerframework/checker-qual/3.1.0/checker-qual-3.1.0.jar:/Users/felipe/.m2/repository/com/google/errorprone/error_prone_annotations/2.3.4/error_prone_annotations-2.3.4.jar:/Users/felipe/.m2/repository/org/apache/commons/commons-lang3/3.9/commons-lang3-3.9.jar:/Users/felipe/.m2/repository/org/apache/avro/avro/1.8.1/avro-1.8.1.jar:/Users/felipe/.m2/repository/org/codehaus/jackson/jackson-core-asl/1.9.13/jackson-core-asl-1.9.13.jar:/Users/felipe/.m2/repository/org/codehaus/jackson/jackson-mapper-asl/1.9.13/jackson-mapper-asl-1.9.13.jar:/Users/felipe/.m2/repository/com/thoughtworks/paranamer/paranamer/2.7/paranamer-2.7.jar:/Users/felipe/.m2/repository/org/xerial/snappy/snappy-java/1.1.1.3/snappy-java-1.1.1.3.jar:/Users/felipe/.m2/repository/org/apache/commons/commons-compress/1.8.1/commons-compress-1.8.1.jar:/Users/felipe/.m2/repository/org/tukaani/xz/1.5/xz-1.5.jar:/Users/felipe/.m2/repository/org/apache/nifi/nifi-mock/1.12.0/nifi-mock-1.12.0.jar:/Users/felipe/.m2/repository/org/apache/nifi/nifi-framework-api/1.12.0/nifi-framework-api-1.12.0.jar:/Users/felipe/.m2/repository/org/apache/nifi/nifi-parameter/1.12.0/nifi-parameter-1.12.0.jar:/Users/felipe/.m2/repository/org/apache/nifi/nifi-expression-language/1.12.0/nifi-expression-language-1.12.0.jar:/Users/felipe/.m2/repository/org/antlr/antlr-runtime/3.5.2/antlr-runtime-3.5.2.jar:/Users/felipe/.m2/repository/com/jayway/jsonpath/json-path/2.4.0/json-path-2.4.0.jar:/Users/felipe/.m2/repository/net/minidev/json-smart/2.3/json-smart-2.3.jar:/Users/felipe/.m2/repository/net/minidev/accessors-smart/1.2/accessors-smart-1.2.jar:/Users/felipe/.m2/repository/org/ow2/asm/asm/5.0.4/asm-5.0.4.jar:/Users/felipe/.m2/repository/com/fasterxml/jackson/core/jackson-databind/2.9.10.5/jackson-databind-2.9.10.5.jar:/Users/felipe/.m2/repository/com/fasterxml/jackson/core/jackson-annotations/2.9.10/jackson-annotations-2.9.10.jar:/Users/felipe/.m2/repository/com/fasterxml/jackson/core/jackson-core/2.9.10/jackson-core-2.9.10.jar:/Users/felipe/.m2/repository/commons-codec/commons-codec/1.14/commons-codec-1.14.jar:/Users/felipe/.m2/repository/org/apache/nifi/nifi-data-provenance-utils/1.12.0/nifi-data-provenance-utils-1.12.0.jar:/Users/felipe/.m2/repository/org/bouncycastle/bcprov-jdk15on/1.66/bcprov-jdk15on-1.66.jar:/Users/felipe/.m2/repository/org/apache/nifi/nifi-properties-loader/1.12.0/nifi-properties-loader-1.12.0.jar:/Users/felipe/.m2/repository/org/apache/nifi/nifi-properties/1.12.0/nifi-properties-1.12.0.jar:/Users/felipe/.m2/repository/org/slf4j/slf4j-simple/1.7.30/slf4j-simple-1.7.30.jar:/Users/felipe/.m2/repository/org/slf4j/slf4j-api/1.7.30/slf4j-api-1.7.30.jar:/Users/felipe/.m2/repository/junit/junit/4.13/junit-4.13.jar:/Users/felipe/.m2/repository/org/hamcrest/hamcrest-core/1.3/hamcrest-core-1.3.jar:/Users/felipe/.m2/repository/org/mockito/mockito-core/2.28.2/mockito-core-2.28.2.jar:/Users/felipe/.m2/repository/net/bytebuddy/byte-buddy/1.9.10/byte-buddy-1.9.10.jar:/Users/felipe/.m2/repository/net/bytebuddy/byte-buddy-agent/1.9.10/byte-buddy-agent-1.9.10.jar:/Users/felipe/.m2/repository/org/objenesis/objenesis/2.6/objenesis-2.6.jar:/Users/felipe/.m2/repository/org/codehaus/groovy/groovy-test/2.5.4/groovy-test-2.5.4.jar:/Users/felipe/.m2/repository/org/codehaus/groovy/groovy/2.5.4/groovy-2.5.4.jar:"/>
    <property name="java.vm.vendor" value="Oracle Corporation"/>
    <property name="sun.arch.data.model" value="64"/>
    <property name="java.vendor.url" value="http://java.oracle.com/"/>
    <property name="user.timezone" value=""/>
    <property name="user.country.format" value="BR"/>
    <property name="java.vm.specification.version" value="1.8"/>
    <property name="os.name" value="Mac OS X"/>
    <property name="user.country" value="US"/>
    <property name="sun.java.launcher" value="SUN_STANDARD"/>
    <property name="sun.boot.library.path" value="/Library/Java/JavaVirtualMachines/jdk1.8.0_131.jdk/Contents/Home/jre/lib"/>
    <property name="sun.java.command" value="/Users/felipe/eclipse-workspace/nifi/customprocessors/nifi-customprocessors-processors/target/surefire/surefirebooter4199199692111923086.jar /Users/felipe/eclipse-workspace/nifi/customprocessors/nifi-customprocessors-processors/target/surefire 2020-10-16T18-06-42_378-jvmRun1 surefire3435112575740139876tmp surefire_08443995667674449929tmp"/>
    <property name="http.nonProxyHosts" value="local|*.local|169.254/16|*.169.254/16"/>
    <property name="surefire.test.class.path" value="/Users/felipe/eclipse-workspace/nifi/customprocessors/nifi-customprocessors-processors/target/test-classes:/Users/felipe/eclipse-workspace/nifi/customprocessors/nifi-customprocessors-processors/target/classes:/Users/felipe/.m2/repository/org/apache/derby/derby/10.14.2.0/derby-10.14.2.0.jar:/Users/felipe/.m2/repository/org/apache/derby/derbyclient/10.14.2.0/derbyclient-10.14.2.0.jar:/Users/felipe/.m2/repository/org/apache/nifi/nifi-api/1.12.0/nifi-api-1.12.0.jar:/Users/felipe/.m2/repository/org/apache/nifi/nifi-utils/1.12.0/nifi-utils-1.12.0.jar:/Users/felipe/.m2/repository/org/apache/nifi/nifi-dbcp-service-api/1.12.0/nifi-dbcp-service-api-1.12.0.jar:/Users/felipe/.m2/repository/org/apache/nifi/nifi-database-utils/1.12.0/nifi-database-utils-1.12.0.jar:/Users/felipe/.m2/repository/org/apache/nifi/nifi-standard-record-utils/1.12.0/nifi-standard-record-utils-1.12.0.jar:/Users/felipe/.m2/repository/org/apache/nifi/nifi-security-utils/1.12.0/nifi-security-utils-1.12.0.jar:/Users/felipe/.m2/repository/org/bouncycastle/bcpkix-jdk15on/1.66/bcpkix-jdk15on-1.66.jar:/Users/felipe/.m2/repository/at/favre/lib/bcrypt/0.9.0/bcrypt-0.9.0.jar:/Users/felipe/.m2/repository/at/favre/lib/bytes/1.3.0/bytes-1.3.0.jar:/Users/felipe/.m2/repository/org/apache/commons/commons-configuration2/2.7/commons-configuration2-2.7.jar:/Users/felipe/.m2/repository/commons-logging/commons-logging/1.2/commons-logging-1.2.jar:/Users/felipe/.m2/repository/org/apache/commons/commons-csv/1.8/commons-csv-1.8.jar:/Users/felipe/.m2/repository/org/apache/commons/commons-text/1.8/commons-text-1.8.jar:/Users/felipe/.m2/repository/org/apache/nifi/nifi-avro-record-utils/1.12.0/nifi-avro-record-utils-1.12.0.jar:/Users/felipe/.m2/repository/commons-io/commons-io/2.6/commons-io-2.6.jar:/Users/felipe/.m2/repository/com/github/ben-manes/caffeine/caffeine/2.8.1/caffeine-2.8.1.jar:/Users/felipe/.m2/repository/org/checkerframework/checker-qual/3.1.0/checker-qual-3.1.0.jar:/Users/felipe/.m2/repository/com/google/errorprone/error_prone_annotations/2.3.4/error_prone_annotations-2.3.4.jar:/Users/felipe/.m2/repository/org/apache/commons/commons-lang3/3.9/commons-lang3-3.9.jar:/Users/felipe/.m2/repository/org/apache/avro/avro/1.8.1/avro-1.8.1.jar:/Users/felipe/.m2/repository/org/codehaus/jackson/jackson-core-asl/1.9.13/jackson-core-asl-1.9.13.jar:/Users/felipe/.m2/repository/org/codehaus/jackson/jackson-mapper-asl/1.9.13/jackson-mapper-asl-1.9.13.jar:/Users/felipe/.m2/repository/com/thoughtworks/paranamer/paranamer/2.7/paranamer-2.7.jar:/Users/felipe/.m2/repository/org/xerial/snappy/snappy-java/1.1.1.3/snappy-java-1.1.1.3.jar:/Users/felipe/.m2/repository/org/apache/commons/commons-compress/1.8.1/commons-compress-1.8.1.jar:/Users/felipe/.m2/repository/org/tukaani/xz/1.5/xz-1.5.jar:/Users/felipe/.m2/repository/org/apache/nifi/nifi-mock/1.12.0/nifi-mock-1.12.0.jar:/Users/felipe/.m2/repository/org/apache/nifi/nifi-framework-api/1.12.0/nifi-framework-api-1.12.0.jar:/Users/felipe/.m2/repository/org/apache/nifi/nifi-parameter/1.12.0/nifi-parameter-1.12.0.jar:/Users/felipe/.m2/repository/org/apache/nifi/nifi-expression-language/1.12.0/nifi-expression-language-1.12.0.jar:/Users/felipe/.m2/repository/org/antlr/antlr-runtime/3.5.2/antlr-runtime-3.5.2.jar:/Users/felipe/.m2/repository/com/jayway/jsonpath/json-path/2.4.0/json-path-2.4.0.jar:/Users/felipe/.m2/repository/net/minidev/json-smart/2.3/json-smart-2.3.jar:/Users/felipe/.m2/repository/net/minidev/accessors-smart/1.2/accessors-smart-1.2.jar:/Users/felipe/.m2/repository/org/ow2/asm/asm/5.0.4/asm-5.0.4.jar:/Users/felipe/.m2/repository/com/fasterxml/jackson/core/jackson-databind/2.9.10.5/jackson-databind-2.9.10.5.jar:/Users/felipe/.m2/repository/com/fasterxml/jackson/core/jackson-annotations/2.9.10/jackson-annotations-2.9.10.jar:/Users/felipe/.m2/repository/com/fasterxml/jackson/core/jackson-core/2.9.10/jackson-core-2.9.10.jar:/Users/felipe/.m2/repository/commons-codec/commons-codec/1.14/commons-codec-1.14.jar:/Users/felipe/.m2/repository/org/apache/nifi/nifi-data-provenance-utils/1.12.0/nifi-data-provenance-utils-1.12.0.jar:/Users/felipe/.m2/repository/org/bouncycastle/bcprov-jdk15on/1.66/bcprov-jdk15on-1.66.jar:/Users/felipe/.m2/repository/org/apache/nifi/nifi-properties-loader/1.12.0/nifi-properties-loader-1.12.0.jar:/Users/felipe/.m2/repository/org/apache/nifi/nifi-properties/1.12.0/nifi-properties-1.12.0.jar:/Users/felipe/.m2/repository/org/slf4j/slf4j-simple/1.7.30/slf4j-simple-1.7.30.jar:/Users/felipe/.m2/repository/org/slf4j/slf4j-api/1.7.30/slf4j-api-1.7.30.jar:/Users/felipe/.m2/repository/junit/junit/4.13/junit-4.13.jar:/Users/felipe/.m2/repository/org/hamcrest/hamcrest-core/1.3/hamcrest-core-1.3.jar:/Users/felipe/.m2/repository/org/mockito/mockito-core/2.28.2/mockito-core-2.28.2.jar:/Users/felipe/.m2/repository/net/bytebuddy/byte-buddy/1.9.10/byte-buddy-1.9.10.jar:/Users/felipe/.m2/repository/net/bytebuddy/byte-buddy-agent/1.9.10/byte-buddy-agent-1.9.10.jar:/Users/felipe/.m2/repository/org/objenesis/objenesis/2.6/objenesis-2.6.jar:/Users/felipe/.m2/repository/org/codehaus/groovy/groovy-test/2.5.4/groovy-test-2.5.4.jar:/Users/felipe/.m2/repository/org/codehaus/groovy/groovy/2.5.4/groovy-2.5.4.jar:"/>
    <property name="sun.cpu.endian" value="little"/>
    <property name="user.home" value="/Users/felipe"/>
    <property name="user.language" value="en"/>
    <property name="java.specification.vendor" value="Oracle Corporation"/>
    <property name="java.home" value="/Library/Java/JavaVirtualMachines/jdk1.8.0_131.jdk/Contents/Home/jre"/>
    <property name="basedir" value="/Users/felipe/eclipse-workspace/nifi/customprocessors/nifi-customprocessors-processors"/>
    <property name="file.separator" value="/"/>
    <property name="line.separator" value="&#10;"/>
    <property name="java.vm.specification.vendor" value="Oracle Corporation"/>
    <property name="java.specification.name" value="Java Platform API Specification"/>
    <property name="java.awt.graphicsenv" value="sun.awt.CGraphicsEnvironment"/>
    <property name="java.awt.headless" value="true"/>
    <property name="surefire.real.class.path" value="/Users/felipe/eclipse-workspace/nifi/customprocessors/nifi-customprocessors-processors/target/surefire/surefirebooter4199199692111923086.jar"/>
    <property name="sun.boot.class.path" value="/Library/Java/JavaVirtualMachines/jdk1.8.0_131.jdk/Contents/Home/jre/lib/resources.jar:/Library/Java/JavaVirtualMachines/jdk1.8.0_131.jdk/Contents/Home/jre/lib/rt.jar:/Library/Java/JavaVirtualMachines/jdk1.8.0_131.jdk/Contents/Home/jre/lib/sunrsasign.jar:/Library/Java/JavaVirtualMachines/jdk1.8.0_131.jdk/Contents/Home/jre/lib/jsse.jar:/Library/Java/JavaVirtualMachines/jdk1.8.0_131.jdk/Contents/Home/jre/lib/jce.jar:/Library/Java/JavaVirtualMachines/jdk1.8.0_131.jdk/Contents/Home/jre/lib/charsets.jar:/Library/Java/JavaVirtualMachines/jdk1.8.0_131.jdk/Contents/Home/jre/lib/jfr.jar:/Library/Java/JavaVirtualMachines/jdk1.8.0_131.jdk/Contents/Home/jre/classes"/>
    <property name="sun.management.compiler" value="HotSpot 64-Bit Tiered Compilers"/>
    <property name="ftp.nonProxyHosts" value="local|*.local|169.254/16|*.169.254/16"/>
    <property name="java.runtime.version" value="1.8.0_131-b11"/>
    <property name="java.net.preferIPv4Stack" value="true"/>
    <property name="user.name" value="felipe"/>
    <property name="path.separator" value=":"/>
    <property name="os.version" value="10.13.6"/>
    <property name="java.endorsed.dirs" value="/Library/Java/JavaVirtualMachines/jdk1.8.0_131.jdk/Contents/Home/jre/lib/endorsed"/>
    <property name="java.runtime.name" value="Java(TM) SE Runtime Environment"/>
    <property name="file.encoding" value="UTF-8"/>
    <property name="java.vm.name" value="Java HotSpot(TM) 64-Bit Server VM"/>
    <property name="localRepository" value="/Users/felipe/.m2/repository"/>
    <property name="java.vendor.url.bug" value="http://bugreport.sun.com/bugreport/"/>
    <property name="java.io.tmpdir" value="/var/folders/v_/b3f7gz6d7872qrq9bz8b9h580000gn/T/"/>
    <property name="java.version" value="1.8.0_131"/>
    <property name="user.dir" value="/Users/felipe/eclipse-workspace/nifi/customprocessors/nifi-customprocessors-processors"/>
    <property name="os.arch" value="x86_64"/>
    <property name="java.vm.specification.name" value="Java Virtual Machine Specification"/>
    <property name="java.awt.printerjob" value="sun.lwawt.macosx.CPrinterJob"/>
    <property name="sun.os.patch.level" value="unknown"/>
    <property name="java.library.path" value="/Users/felipe/Library/Java/Extensions:/Library/Java/Extensions:/Network/Library/Java/Extensions:/System/Library/Java/Extensions:/usr/lib/java:."/>
    <property name="java.vm.info" value="mixed mode"/>
    <property name="java.vendor" value="Oracle Corporation"/>
    <property name="java.vm.version" value="25.131-b11"/>
    <property name="java.ext.dirs" value="/Users/felipe/Library/Java/Extensions:/Library/Java/JavaVirtualMachines/jdk1.8.0_131.jdk/Contents/Home/jre/lib/ext:/Library/Java/Extensions:/Network/Library/Java/Extensions:/System/Library/Java/Extensions:/usr/lib/java"/>
    <property name="sun.io.unicode.encoding" value="UnicodeBig"/>
    <property name="java.class.version" value="52.0"/>
    <property name="socksNonProxyHosts" value="local|*.local|169.254/16|*.169.254/16"/>
  </properties>
  <testcase name="testAddedRowsTwoTables" classname="br.gov.sp.fazenda.processors.QueryDatabaseTableTest" time="1.214"/>
  <testcase name="testCustomSQL" classname="br.gov.sp.fazenda.processors.QueryDatabaseTableTest" time="0.172"/>
  <testcase name="testOutputBatchSize" classname="br.gov.sp.fazenda.processors.QueryDatabaseTableTest" time="0.309"/>
  <testcase name="testWithExceptionAfterSomeRowsProcessed" classname="br.gov.sp.fazenda.processors.QueryDatabaseTableTest" time="0.036"/>
  <testcase name="testInitialMaxValueWithEL" classname="br.gov.sp.fazenda.processors.QueryDatabaseTableTest" time="0.05"/>
  <testcase name="testGetQuery" classname="br.gov.sp.fazenda.processors.QueryDatabaseTableTest" time="0.002"/>
  <testcase name="testWithRuntimeException" classname="br.gov.sp.fazenda.processors.QueryDatabaseTableTest" time="0.025"/>
  <testcase name="testWithSqlException" classname="br.gov.sp.fazenda.processors.QueryDatabaseTableTest" time="0.008"/>
  <testcase name="testMaxRowsPerFlowFileWithMaxFragments" classname="br.gov.sp.fazenda.processors.QueryDatabaseTableTest" time="0.206"/>
  <testcase name="testMissingColumn" classname="br.gov.sp.fazenda.processors.QueryDatabaseTableTest" time="0.026"/>
  <testcase name="testAddedRowsCustomWhereClause" classname="br.gov.sp.fazenda.processors.QueryDatabaseTableTest" time="0.112"/>
  <testcase name="testMaxRowsPerFlowFile" classname="br.gov.sp.fazenda.processors.QueryDatabaseTableTest" time="0.226"/>
  <testcase name="testGetQueryNoTable" classname="br.gov.sp.fazenda.processors.QueryDatabaseTableTest" time="0.001"/>
  <testcase name="testAddedRows" classname="br.gov.sp.fazenda.processors.QueryDatabaseTableTest" time="0.071"/>
  <testcase name="testWithNullIntColumn" classname="br.gov.sp.fazenda.processors.QueryDatabaseTableTest" time="0.015"/>
  <testcase name="testTimestampNanos" classname="br.gov.sp.fazenda.processors.QueryDatabaseTableTest" time="0.028"/>
  <testcase name="testInitialMaxValue" classname="br.gov.sp.fazenda.processors.QueryDatabaseTableTest" time="0.029"/>
  <testcase name="testMultiplePartitions" classname="br.gov.sp.fazenda.processors.QueryDatabaseTableTest" time="0.027"/>
</testsuite>